<?xml version="1.0" encoding="UTF-8"?>
<!-- Generated by org.testng.reporters.JUnitReportReporter -->
<testsuite hostname="hp" failures="0" tests="1" name="book_store_api.Added_Books" time="21.876" errors="0" timestamp="2024-08-03T18:30:03 IST" skipped="0">
  <testcase classname="book_store_api.Added_Books" name="Add_Books" time="21.876"/>
  <system-out/>
</testsuite> <!-- book_store_api.Added_Books -->
