<?xml version="1.0" encoding="UTF-8"?>
<!-- Generated by org.testng.reporters.JUnitReportReporter -->
<testsuite hostname="hp" failures="0" tests="2" name="petanimal.AddNewPetToTheStore" time="7.912" errors="0" timestamp="2024-07-24T23:54:21 IST" skipped="0">
  <testcase classname="petanimal.AddNewPetToTheStore" name="GetPetMala" time="3.319"/>
  <system-out/>
  <testcase classname="petanimal.AddNewPetToTheStore" name="AddedPetMala" time="4.593"/>
  <system-out/>
</testsuite> <!-- petanimal.AddNewPetToTheStore -->
