<?xml version="1.0" encoding="UTF-8"?>
<!-- Generated by org.testng.reporters.JUnitReportReporter -->
<testsuite hostname="hp" failures="0" tests="1" name="ishwar.listofusers" time="2.759" errors="0" timestamp="2024-05-15T16:38:07 IST" skipped="0">
  <testcase classname="ishwar.listofusers" name="fetchuser" time="2.759"/>
  <system-out/>
</testsuite> <!-- ishwar.listofusers -->
