<?xml version="1.0" encoding="UTF-8"?>
<!-- Generated by org.testng.reporters.JUnitReportReporter -->
<testsuite hostname="hp" failures="0" tests="1" name="petanimal.Delete_Pet" time="5.425" errors="0" timestamp="2024-07-25T00:09:46 IST" skipped="0">
  <testcase classname="petanimal.Delete_Pet" name="Delete_Pet_API" time="5.425"/>
  <system-out/>
</testsuite> <!-- petanimal.Delete_Pet -->
