<?xml version="1.0" encoding="UTF-8"?>
<!-- Generated by org.testng.reporters.JUnitReportReporter -->
<testsuite hostname="hp" failures="0" tests="1" name="petanimal.Update_Existing_Pet" time="2.147" errors="0" timestamp="2024-07-24T23:54:21 IST" skipped="0">
  <testcase classname="petanimal.Update_Existing_Pet" name="updatePetMala" time="2.147"/>
  <system-out/>
</testsuite> <!-- petanimal.Update_Existing_Pet -->
