<?xml version="1.0" encoding="UTF-8"?>
<!-- Generated by org.testng.reporters.JUnitReportReporter -->
<testsuite hostname="hp" failures="0" tests="1" name="serealizationAndDeserealization.CreateUser" time="4.553" errors="0" timestamp="2024-05-15T16:14:16 IST" skipped="0">
  <testcase classname="serealizationAndDeserealization.CreateUser" name="createUser" time="4.553"/>
  <system-out/>
</testsuite> <!-- serealizationAndDeserealization.CreateUser -->
