<?xml version="1.0" encoding="UTF-8"?>
<!-- Generated by org.testng.reporters.JUnitReportReporter -->
<testsuite hostname="hp" failures="0" tests="2" name="basic.Post_CreatingUser" time="8.832" errors="0" timestamp="2024-05-15T00:09:49 IST" skipped="0">
  <testcase classname="basic.Post_CreatingUser" name="getUserDetails" time="2.259"/>
  <system-out/>
  <testcase classname="basic.Post_CreatingUser" name="creteUser" time="6.573"/>
  <system-out/>
</testsuite> <!-- basic.Post_CreatingUser -->
