<?xml version="1.0" encoding="UTF-8"?>
<!-- Generated by org.testng.reporters.JUnitReportReporter -->
<testsuite hostname="hp" failures="0" tests="1" name="ecommerse.OrderDeleteFromOrder" time="0.696" errors="0" timestamp="2024-05-18T08:49:21 IST" skipped="0">
  <testcase classname="ecommerse.OrderDeleteFromOrder" name="deleteOrder" time="0.696"/>
  <system-out/>
</testsuite> <!-- ecommerse.OrderDeleteFromOrder -->
