<?xml version="1.0" encoding="UTF-8"?>
<!-- Generated by org.testng.reporters.JUnitReportReporter -->
<testsuite hostname="hp" failures="0" tests="1" name="basic.FetchingDataFromComlexJson" time="68.119" errors="0" timestamp="2024-07-16T17:23:12 IST" skipped="0">
  <testcase classname="basic.FetchingDataFromComlexJson" name="getuser" time="68.119"/>
  <system-out/>
</testsuite> <!-- basic.FetchingDataFromComlexJson -->
