<?xml version="1.0" encoding="UTF-8"?>
<!-- Generated by org.testng.reporters.JUnitReportReporter -->
<testsuite hostname="hp" failures="0" tests="1" name="fetchDataFromResponse.Get_ListUser" time="4.668" errors="0" timestamp="2024-05-14T21:58:28 IST" skipped="0">
  <testcase classname="fetchDataFromResponse.Get_ListUser" name="getuser" time="4.668"/>
  <system-out/>
</testsuite> <!-- fetchDataFromResponse.Get_ListUser -->
