<?xml version="1.0" encoding="UTF-8"?>
<!-- Generated by org.testng.reporters.JUnitReportReporter -->
<testsuite hostname="hp" failures="0" tests="1" name="fetchDataFromResponse.UsingJsonPathMethod" time="4.597" errors="0" timestamp="2024-05-14T23:14:59 IST" skipped="0">
  <testcase classname="fetchDataFromResponse.UsingJsonPathMethod" name="getUserDetails" time="4.597"/>
  <system-out/>
</testsuite> <!-- fetchDataFromResponse.UsingJsonPathMethod -->
