<?xml version="1.0" encoding="UTF-8"?>
<!-- Generated by org.testng.reporters.JUnitReportReporter -->
<testsuite hostname="hp" failures="0" tests="2" name="may14Restpractice.Getdata" time="5.837" errors="0" timestamp="2024-05-15T13:53:58 IST" skipped="0">
  <testcase classname="may14Restpractice.Getdata" name="getuser" time="3.981"/>
  <system-out/>
  <testcase classname="may14Restpractice.Getdata" name="fetchuser" time="1.856"/>
  <system-out/>
</testsuite> <!-- may14Restpractice.Getdata -->
