<?xml version="1.0" encoding="UTF-8"?>
<!-- Generated by org.testng.reporters.JUnitReportReporter -->
<testsuite hostname="hp" failures="0" tests="1" name="book_store_api.AuthorizedUser" time="21.952" errors="0" timestamp="2024-08-03T18:30:03 IST" skipped="0">
  <testcase classname="book_store_api.AuthorizedUser" name="Authorized_user" time="21.952"/>
  <system-out/>
</testsuite> <!-- book_store_api.AuthorizedUser -->
