<?xml version="1.0" encoding="UTF-8"?>
<!-- Generated by org.testng.reporters.JUnitReportReporter -->
<testsuite hostname="hp" failures="0" tests="2" name="ishwar.FetchDataByusingJsonClass" time="1.350" errors="0" timestamp="2024-05-15T16:35:13 IST" skipped="0">
  <testcase classname="ishwar.FetchDataByusingJsonClass" name="usercreate" time="1.217"/>
  <system-out/>
  <testcase classname="ishwar.FetchDataByusingJsonClass" name="checkcopiesofcypress" time="0.133"/>
  <system-out/>
</testsuite> <!-- ishwar.FetchDataByusingJsonClass -->
