<?xml version="1.0" encoding="UTF-8"?>
<!-- Generated by org.testng.reporters.JUnitReportReporter -->
<testsuite hostname="hp" failures="0" tests="1" name="ecommerse.Login" time="2.875" errors="0" timestamp="2024-05-18T08:49:21 IST" skipped="0">
  <testcase classname="ecommerse.Login" name="logintoApp" time="2.875"/>
  <system-out/>
</testsuite> <!-- ecommerse.Login -->
