<?xml version="1.0" encoding="UTF-8"?>
<!-- Generated by org.testng.reporters.JUnitReportReporter -->
<testsuite hostname="hp" failures="0" tests="1" name="petanimal.ResponseOfRestExamAPI" time="3.629" errors="0" timestamp="2024-07-25T22:58:18 IST" skipped="0">
  <testcase classname="petanimal.ResponseOfRestExamAPI" name="response" time="3.629"/>
  <system-out/>
</testsuite> <!-- petanimal.ResponseOfRestExamAPI -->
