<?xml version="1.0" encoding="UTF-8"?>
<!-- Generated by org.testng.reporters.JUnitReportReporter -->
<testsuite hostname="hp" failures="0" tests="1" name="book_store_api.Create_user_bookstore" time="26.489" errors="0" timestamp="2024-08-03T18:30:03 IST" skipped="0">
  <testcase classname="book_store_api.Create_user_bookstore" name="create_user" time="26.489"/>
  <system-out/>
</testsuite> <!-- book_store_api.Create_user_bookstore -->
