<?xml version="1.0" encoding="UTF-8"?>
<!-- Generated by org.testng.reporters.JUnitReportReporter -->
<testsuite hostname="hp" failures="0" tests="1" name="pack2.CreateUser" time="2.570" errors="0" timestamp="2024-05-15T18:38:59 IST" skipped="0">
  <testcase classname="pack2.CreateUser" name="requestbody" time="2.570"/>
  <system-out/>
</testsuite> <!-- pack2.CreateUser -->
